<?xml version="1.0" encoding="UTF-8"?>
<!-- Generated by org.testng.reporters.JUnitReportReporter -->
<testsuite hostname="SaiKiran" failures="0" tests="1" name="PC1" time="0.013" errors="0" timestamp="2024-03-25T18:07:27 IST" skipped="0">
  <testcase classname="PC1" name="testRun" time="0.013"/>
  <system-out/>
</testsuite> <!-- PC1 -->
