<?xml version="1.0" encoding="UTF-8"?>
<!-- Generated by org.testng.reporters.JUnitReportReporter -->
<testsuite hostname="SaiKiran" failures="0" tests="1" name="KiranKabothula.ExtentReports.ExtentReportsDemo" time="5.003" errors="0" timestamp="2024-04-23T12:20:53 IST" skipped="0">
  <testcase classname="KiranKabothula.ExtentReports.ExtentReportsDemo" name="intialDemo" time="5.003"/>
  <system-out/>
</testsuite> <!-- KiranKabothula.ExtentReports.ExtentReportsDemo -->
